<?xml version="1.0" encoding="UTF-8" ?>
<testsuites>
 <testsuite name="Session1-BrowserInvokeandActions_script" package="my new demo.suite" timestamp="2024-03-18 11:27:49.128 +0530"
 tests="1"  failures="1" errors="1" time="26.144000">
  <properties>
   <property name="RunDate" value="2024-03-18 11:27:49.128 +0530"/>
   <property name="Status" value="Failure"/>
  </properties>
  <testcase name="Session1-BrowserInvokeandActions.script" assertions="1" status="error"  time="26.059">
    <failure type="FAILURE" message="Image Not Found: waitfor Error - Unable To Find Any Image On Screen &quot;Chrome-Images/Img-Google-Searchbox.png&quot; within 5.00 seconds -- Execution Time 0:00:26 Session1-BrowserInvokeandActions.script" />
    <error type="Exception" message="Unable To Find Any Image On Screen &quot;Chrome-Images/Img-Google-Searchbox.png&quot; within 5.00 seconds" />
  </testcase>
 </testsuite>
</testsuites>
