<?xml version="1.0" encoding="UTF-8" ?>
<testsuites>
 <testsuite name="LaunchWebsite_script" package="End-to-End Automation.suite" timestamp="2024-03-21 17:11:29.405 +0530"
 tests="1"  failures="1" errors="1" time="30.553000">
  <properties>
   <property name="RunDate" value="2024-03-21 17:11:29.405 +0530"/>
   <property name="Status" value="Failure"/>
  </properties>
  <testcase name="LaunchWebsite.script" assertions="1" status="error"  time="30.492">
    <failure type="FAILURE" message="Image Not Found: waitfor Error - Unable To Find Any Image On Screen &quot;windowsImages/GoogleImage&quot; within 5.00 seconds -- Execution Time 0:00:30 LaunchWebsite.script" />
    <error type="Exception" message="Unable To Find Any Image On Screen &quot;windowsImages/GoogleImage&quot; within 5.00 seconds" />
  </testcase>
 </testsuite>
</testsuites>
