<?xml version="1.0" encoding="UTF-8" ?>
<testsuites>
 <testsuite name="Waits_script" package="my new demo.suite" timestamp="2024-03-14 15:41:03.199 +0530"
 tests="1"  failures="1" errors="1" time="0.167000">
  <properties>
   <property name="RunDate" value="2024-03-14 15:41:03.199 +0530"/>
   <property name="Status" value="Failure"/>
  </properties>
  <testcase name="Waits.script" assertions="1" status="error"  time="0.146">
    <failure type="FAILURE" message="File Not Found: doubleclick Error - Could Not Open Image: Img-Chrome-Icon -- Execution Time 0:00:00 Waits.script" />
    <error type="Exception" message="Could Not Open Image: Img-Chrome-Icon" />
  </testcase>
 </testsuite>
</testsuites>
