<?xml version="1.0" encoding="UTF-8" ?>
<testsuites>
 <testsuite name="OCR-2 Search rectangle_script" package="my new demo.suite" timestamp="2024-03-15 15:36:00.430 +0530"
 tests="1"  failures="1" errors="1" time="49.283000">
  <properties>
   <property name="RunDate" value="2024-03-15 15:36:00.430 +0530"/>
   <property name="Status" value="Failure"/>
  </properties>
  <testcase name="OCR-2 Search rectangle.script" assertions="1" status="error"  time="49.257">
    <failure type="FAILURE" message="Image Not Found: click Error - No Image Found On Screen: &quot;Chrome-Images/Icon-Back&quot;  Restricted Search Rectangle ((481,433),(854,573))\n -- Execution Time 0:00:49 OCR-2 Search rectangle.script" />
    <error type="Exception" message="No Image Found On Screen: &quot;Chrome-Images/Icon-Back&quot;" />
  </testcase>
 </testsuite>
</testsuites>
