<?xml version="1.0" encoding="UTF-8" ?>
<testsuites>
 <testsuite name="First Script_script" package="my new demo.suite" timestamp="2024-03-13 17:26:56.205 +0530"
 tests="1"  failures="1" errors="1" time="23.900000">
  <properties>
   <property name="RunDate" value="2024-03-13 17:26:56.205 +0530"/>
   <property name="Status" value="Failure"/>
  </properties>
  <testcase name="First Script.script" assertions="1" status="error"  time="23.884">
    <failure type="FAILURE" message="Image Not Found: waitfor Error - Unable To Find Any Image On Screen &quot;Icon-Reload-Browser&quot; within 3.00 seconds -- Execution Time 0:00:23 First Script.script" />
    <error type="Exception" message="Unable To Find Any Image On Screen &quot;Icon-Reload-Browser&quot; within 3.00 seconds" />
  </testcase>
 </testsuite>
</testsuites>
