<?xml version="1.0" encoding="UTF-8" ?>
<testsuites>
 <testsuite name="LaunchBrowser_script" package="End-to-End Automation.suite" timestamp="2024-03-21 12:20:38.733 +0530"
 tests="1"  failures="1" errors="0" time="0.184000">
  <properties>
   <property name="RunDate" value="2024-03-21 12:20:38.733 +0530"/>
   <property name="Status" value="Failure"/>
  </properties>
  <testcase name="LaunchBrowser.script" assertions="1" status="failure"  time="0.162">
    <failure type="FAILURE" message="STDatabaseError: Where clause specifies invalid column name &apos;Name&apos; (no such column) -- Execution Time 0:00:00 LaunchBrowser.script" />
  </testcase>
 </testsuite>
</testsuites>
