<?xml version="1.0" encoding="UTF-8" ?>
<testsuites>
 <testsuite name="LaunchWebsite_script" package="End-to-End Automation.suite" timestamp="2024-03-21 16:59:18.660 +0530"
 tests="1"  failures="1" errors="0" time="10.000000">
  <properties>
   <property name="RunDate" value="2024-03-21 16:59:18.660 +0530"/>
   <property name="Status" value="Failure"/>
  </properties>
  <testcase name="LaunchWebsite.script" assertions="1" status="failure"  time="9.985">
    <failure type="FAILURE" message="Invalid Property: Cannot set global property &apos;SEARCHRECTANGLES&apos; -- Execution Time 0:00:10 LaunchWebsite.script" />
  </testcase>
 </testsuite>
</testsuites>
