<?xml version="1.0" encoding="UTF-8" ?>
<testsuites>
 <testsuite name="OCR-2 Search rectangle_script" package="my new demo.suite" timestamp="2024-03-15 15:47:47.943 +0530"
 tests="1"  failures="1" errors="1" time="22.453000">
  <properties>
   <property name="RunDate" value="2024-03-15 15:47:47.943 +0530"/>
   <property name="Status" value="Failure"/>
  </properties>
  <testcase name="OCR-2 Search rectangle.script" assertions="1" status="error"  time="22.407">
    <failure type="FAILURE" message="Image Not Found: doubleclick Error - No Image Found On Screen: &quot;Chrome-Images/Img-Chrome-Icon&quot; -- Execution Time 0:00:22 OCR-2 Search rectangle.script" />
    <error type="Exception" message="No Image Found On Screen: &quot;Chrome-Images/Img-Chrome-Icon&quot;" />
  </testcase>
 </testsuite>
</testsuites>
