<?xml version="1.0" encoding="UTF-8" ?>
<testsuites>
 <testsuite name="LaunchWebsite_script" package="End-to-End Automation.suite" timestamp="2024-03-21 16:57:53.674 +0530"
 tests="1"  failures="1" errors="1" time="22.504000">
  <properties>
   <property name="RunDate" value="2024-03-21 16:57:53.674 +0530"/>
   <property name="Status" value="Failure"/>
  </properties>
  <testcase name="LaunchWebsite.script" assertions="1" status="error"  time="22.482">
    <failure type="FAILURE" message="Image Not Found: click Error - No Image Found On Screen: &quot;windowsImages/windowsIcon&quot; -- Execution Time 0:00:22 LaunchWebsite.script" />
    <error type="Exception" message="No Image Found On Screen: &quot;windowsImages/windowsIcon&quot;" />
  </testcase>
 </testsuite>
</testsuites>
