<?xml version="1.0" encoding="UTF-8" ?>
<testsuites>
 <testsuite name="LaunchBrowser_script" package="End-to-End Automation.suite" timestamp="2024-03-21 11:42:29.495 +0530"
 tests="1"  failures="1" errors="0" time="0.242000">
  <properties>
   <property name="RunDate" value="2024-03-21 11:42:29.495 +0530"/>
   <property name="Status" value="Failure"/>
  </properties>
  <testcase name="LaunchBrowser.script" assertions="1" status="failure"  time="0.219">
    <failure type="FAILURE" message="STInvalidNumber: Value is not a number: &apos;windowsImages&apos; -- Execution Time 0:00:00 LaunchBrowser.script" />
  </testcase>
 </testsuite>
</testsuites>
