<?xml version="1.0" encoding="UTF-8" ?>
<testsuites>
 <testsuite name="LaunchBrowser_script" package="End-to-End Automation.suite" timestamp="2024-03-21 15:53:24.302 +0530"
 tests="1"  failures="1" errors="1" time="4.606000">
  <properties>
   <property name="RunDate" value="2024-03-21 15:53:24.302 +0530"/>
   <property name="Status" value="Failure"/>
  </properties>
  <testcase name="LaunchBrowser.script" assertions="1" status="error"  time="4.582">
    <failure type="FAILURE" message="File Not Found: waitfor Error - Could Not Open Image: (empty) -- Execution Time 0:00:04 LaunchBrowser.script" />
    <error type="Exception" message="Could Not Open Image: (empty)" />
  </testcase>
 </testsuite>
</testsuites>
