<?xml version="1.0" encoding="UTF-8" ?>
<testsuites>
 <testsuite name="LaunchBrowser_script" package="End-to-End Automation.suite" timestamp="2024-03-21 15:50:33.678 +0530"
 tests="1"  failures="1" errors="0" time="4.882000">
  <properties>
   <property name="RunDate" value="2024-03-21 15:50:33.678 +0530"/>
   <property name="Status" value="Failure"/>
  </properties>
  <testcase name="LaunchBrowser.script" assertions="1" status="failure"  time="4.855">
    <failure type="FAILURE" message="STInvalidNumber: Value is not a number: &apos;windowsImages&apos; -- Execution Time 0:00:04 LaunchBrowser.script" />
  </testcase>
 </testsuite>
</testsuites>
