<?xml version="1.0" encoding="UTF-8" ?>
<testsuites>
 <testsuite name="LaunchBrowser_script" package="End-to-End Automation.suite" timestamp="2024-03-21 15:52:48.079 +0530"
 tests="1"  failures="1" errors="1" time="22.513000">
  <properties>
   <property name="RunDate" value="2024-03-21 15:52:48.079 +0530"/>
   <property name="Status" value="Failure"/>
  </properties>
  <testcase name="LaunchBrowser.script" assertions="1" status="error"  time="22.495">
    <failure type="FAILURE" message="Image Not Found: click Error - No Image Found On Screen: &quot;windowsImages/windowsIcon&quot; -- Execution Time 0:00:22 LaunchBrowser.script" />
    <error type="Exception" message="No Image Found On Screen: &quot;windowsImages/windowsIcon&quot;" />
  </testcase>
 </testsuite>
</testsuites>
